ion file read
lach reactanats 1
lac1n product 0
h1p product 4
pho1n reactanats 3
pho2n product 2
h1p product 4
reaction file read
reaction bio file read
inhibition file read1
lac1n 0 dt*D/dx**2= 0.0205429
lach 1 dt*D/dx**2= 0.0221111
pho2n 2 dt*D/dx**2= 0.0150543
pho1n 3 dt*D/dx**2= 0.0191316
h1p 4 dt*D/dx**2= 0.185043
ca2p 5 dt*D/dx**2= 0.0156816
cl1n 6 dt*D/dx**2= 0.0403017
k1p 7 dt*D/dx**2= 0.0390472
glu 8 dt*D/dx**2= 0.0133294
f1n 9 dt*D/dx**2= 0.0232088
2.52525e-06 9.83333e-07
Started simulation
0 0.07
2 117
4 368.011
6 301.669
8 209.815
10 139.443
12 89.8325
14 56.3212
16 34.3077
18 20.1257
20 11.1175
22 5.45786
ion file read
lach reactanats 1
lac1n product 0
h1p product 4
pho1n reactanats 3
pho2n product 2
h1p product 4
reaction file read
reaction bio file read
inhibition file read1
lac1n 0 dt*D/dx**2= 0.0205429
lach 1 dt*D/dx**2= 0.0221111
pho2n 2 dt*D/dx**2= 0.0150543
pho1n 3 dt*D/dx**2= 0.0191316
h1p 4 dt*D/dx**2= 0.185043
ca2p 5 dt*D/dx**2= 0.0156816
cl1n 6 dt*D/dx**2= 0.0403017
k1p 7 dt*D/dx**2= 0.0390472
glu 8 dt*D/dx**2= 0.0133294
f1n 9 dt*D/dx**2= 0.0232088
2.52525e-06 9.83333e-07
Started simulation
0 0.07
2 117
4 368.085
6 301.793
8 209.947
10 139.566
12 89.9262
14 56.3899
16 34.3585
18 20.164
20 11.147
22 5.48086
24 1.95941
26 0.109774
28 0.0159654
30 0.0100898
32 0.00750644
34 0.00625515
36 0.00563613
38 0.00532696
40 0.00517149
42 0.00509273
44 0.00505245
46 0.00503156
48 0.0050205
50 0.00501445
52 0.00501101
54 0.00500894
56 0.00500762
58 0.00500673
60 0.00500611
62 0.00500567
64 0.00500534
66 0.00500508
68 0.00500489
70 0.00500473
72 0.0050046
74 0.00500449
76 0.00499764
78 0.00499033
80 0.00498511
82 0.00498114
84 0.00497798
86 0.00497539
88 0.00497322
90 0.0049714
92 144.377
94 372.58
96 304.194
98 211.383
100 140.428
102 90.4479
104 56.7055
106 34.5487
108 20.2774
110 11.213
112 5.51749
114 1.97747
116 0.111405
118 0.0159964
120 0.010104
122 0.00751552
124 0.00626173
126 0.00564126
128 0.00533114
130 0.00517496
132 0.00509566
134 0.00505492
136 0.00503366
138 0.00502228
140 0.00501599
142 0.00501234
144 0.00501011
146 0.00500866
148 0.00500764
150 0.00500511
152 0.00499584
154 0.00498893
156 0.00498375
158 0.00497963
160 0.00497621
162 0.00497332
164 0.00497087
166 0.00496878
168 0.00496703
170 0.00496556
172 0.00496435
174 0.00496336
176 0.00496258
178 0.00496196
180 0.00496149
182 144.36
184 372.562
186 304.177
188 211.368
190 140.415
192 90.4384
194 56.6985
196 34.543
198 20.2725
200 11.2085
202 5.51305
204 1.973
206 0.110402
208 0.0160027
210 0.0101083
212 0.00751823
214 0.00626362
216 0.00564269
218 0.00533228
220 0.00517591
222 0.00509645
224 0.0050556
226 0.00503424
228 0.00502279
230 0.00501643
232 0.00501272
234 0.00501044
236 0.00500886
238 0.00499999
240 0.00499207
242 0.00498626
244 0.00498168
246 0.00497789
248 0.00497468
250 0.00497194
252 0.00496959
254 0.0049676
256 0.00496593
258 0.00496454
260 0.0049634
262 0.00496248
264 0.00496175
266 0.00496119
268 0.00496076
270 0.00496046
272 144.358
274 372.56
276 304.176
278 211.366
280 140.413
282 90.4371
284 56.6974
286 34.5418
288 20.2711
290 11.2069
292 5.51124
294 1.971
296 0.109937
298 0.0160073
300 0.0101108
302 0.00751974
304 0.00626464
306 0.00564345
308 0.00533287
310 0.00517639
312 0.00509686
314 0.00505596
316 0.00503455
318 0.00502307
320 0.00501668
322 0.00501294
324 0.00501051
326 0.00500114
328 0.00499316
330 0.00498732
332 0.00498272
334 0.0049789
336 0.00497564
338 0.00497285
340 0.00497045
342 0.00496841
344 0.00496669
346 0.00496525
348 0.00496408
350 0.00496312
352 0.00496236
354 0.00496177
356 0.00496133
358 0.004961
360 0.00496079
362 144.359
364 372.562
366 304.177
368 211.367
370 140.413
372 90.4371
374 56.6973
376 34.5415
378 20.2706
380 11.2061
382 5.51023
384 1.96985
386 0.109676
388 0.0160107
390 0.0101124
392 0.0075206
394 0.0062652
396 0.00564384
398 0.00533318
400 0.00517664
402 0.00509707
404 0.00505615
406 0.00503473
408 0.00502324
410 0.00501684
412 0.00501309
414 0.00500543
416 0.00499647
418 0.0049901
420 0.0049852
422 0.00498119
424 0.00497779
426 0.00497487
428 0.00497235
430 0.0049702
432 0.00496837
434 0.00496683
436 0.00496556
438 0.00496453
440 0.0049637
442 0.00496304
444 0.00496254
446 0.00496217
448 0.0049619
450 0.00496173
452 144.361
454 372.564
456 304.179
458 211.368
460 140.414
462 90.4377
464 56.6975
466 34.5415
468 20.2703
470 11.2056
472 5.5096
474 1.96914
476 0.109522
478 0.0160132
480 0.0101133
482 0.00752104
484 0.00626544
486 0.00564399
488 0.00533329
490 0.00517673
492 0.00509716
494 0.00505624
496 0.00503483
498 0.00502335
500 0.00501695
502 0.0050121
504 0.00500175
506 0.00499419
508 0.00498867
510 0.0049843
512 0.00498066
514 0.00497755
516 0.00497486
518 0.00497255
520 0.00497057
522 0.0049689
524 0.0049675
526 0.00496635
528 0.00496542
530 0.00496467
532 0.00496409
534 0.00496364
536 0.00496332
538 0.00496309
540 0.00496295
542 144.364
544 372.566
546 304.181
548 211.37
550 140.415
552 90.4384
554 56.6978
556 34.5414
558 20.27
560 11.2051
562 5.50907
564 1.96855
566 0.109409
568 0.0160148
570 0.0101136
572 0.00752112
574 0.00626543
576 0.00564396
578 0.00533325
580 0.0051767
582 0.00509715
584 0.00505625
586 0.00503487
588 0.00502341
590 0.00501703
592 0.00500963
594 0.00499992
596 0.00499317
598 0.00498814
600 0.00498409
602 0.0049807
604 0.00497779
606 0.00497528
608 0.00497312
610 0.00497127
612 0.00496972
614 0.00496842
616 0.00496735
618 0.00496649
620 0.0049658
622 0.00496526
624 0.00496485
626 0.00496455
628 0.00496435
630 0.00496422
632 144.366
634 372.569
636 304.183
638 211.371
640 140.416
642 90.4388
644 56.6978
646 34.5412
648 20.2695
650 11.2045
652 5.50842
654 1.9679
656 0.109296
658 0.0160156
660 0.0101136
662 0.00752092
664 0.00626522
666 0.00564375
668 0.00533307
670 0.00517656
672 0.00509704
674 0.00505619
676 0.00503484
678 0.00502342
680 0.00501708
682 0.00500835
684 0.00499922
686 0.0049929
688 0.00498815
690 0.00498431
692 0.00498108
694 0.00497831
696 0.00497592
698 0.00497387
700 0.00497211
702 0.00497064
704 0.00496941
706 0.00496839
708 0.00496757
710 0.00496692
712 0.00496641
714 0.00496602
716 0.00496574
718 0.00496554
720 0.00496542
722 144.367
724 372.571
726 304.184
728 211.372
730 140.417
732 90.4388
734 56.6974
736 34.5404
738 20.2686
740 11.2036
742 5.50751
744 1.96707
746 0.109158
748 0.0160156
750 0.0101132
752 0.0075205
754 0.00626484
756 0.00564342
758 0.00533279
760 0.00517632
762 0.00509686
764 0.00505605
766 0.00503476
768 0.00502339
770 0.0050171
772 0.00500816
774 0.00499927
776 0.00499314
778 0.00498852
780 0.00498479
782 0.00498166
784 0.00497897
786 0.00497666
788 0.00497468
790 0.00497298
792 0.00497156
794 0.00497036
796 0.00496938
798 0.00496859
800 0.00496795
802 0.00496746
804 0.00496708
806 0.00496679
808 0.0049666
810 0.00496646
812 144.369
814 372.572
816 304.184
818 211.371
820 140.416
822 90.4382
824 56.6964
826 34.5392
828 20.2673
830 11.2023
832 5.5063
834 1.96599
836 0.108983
838 0.016015
840 0.0101125
842 0.00751993
844 0.00626435
846 0.00564301
848 0.00533243
850 0.00517602
852 0.00509662
854 0.00505587
856 0.00503463
858 0.00502332
860 0.00501709
862 0.00500877
864 0.00499983
866 0.00499369
868 0.0049891
870 0.00498542
872 0.00498233
874 0.00497969
876 0.00497742
878 0.00497547
880 0.00497381
882 0.0049724
884 0.00497123
886 0.00497027
888 0.00496948
890 0.00496885
892 0.00496835
894 0.00496796
896 0.00496767
898 0.00496746
900 0.00496732
902 144.369
904 372.572
906 304.183
908 211.37
910 140.416
912 90.4371
914 56.695
916 34.5377
918 20.2657
920 11.2008
922 5.50485
924 1.96472
926 0.108775
928 0.0160142
930 0.0101118
932 0.00751931
934 0.00626383
936 0.00564256
938 0.00533204
940 0.00517569
942 0.00509634
944 0.00505565
946 0.00503447
948 0.00502322
950 0.00501705
952 0.00500989
954 0.00500071
956 0.00499443
958 0.00498979
960 0.0049861
962 0.00498302
964 0.00498039
966 0.00497814
968 0.0049762
970 0.00497454
972 0.00497315
974 0.00497197
976 0.00497101
978 0.00497021
980 0.00496958
982 0.00496907
984 0.00496867
986 0.00496836
988 0.00496813
990 0.00496796
992 144.37
994 372.572
996 304.183
998 211.37
1000 140.415
1002 90.4362
1004 56.6937
1006 34.5361
1008 20.2641
1010 11.1991
1012 5.50334
1014 1.96339
1016 0.108552
1018 0.0160132
1020 0.010111
1022 0.00751871
1024 0.00626332
1026 0.00564212
1028 0.00533166
1030 0.00517537
1032 0.00509606
1034 0.00505542
1036 0.00503429
1038 0.00502309
1040 0.00501699
1042 0.00501125
1044 0.00500179
1046 0.00499527
1048 0.00499052
1050 0.00498678
1052 0.00498367
1054 0.00498104
1056 0.00497877
1058 0.00497683
1060 0.00497517
1062 0.00497376
1064 0.00497258
1066 0.0049716
1068 0.0049708
1070 0.00497014
1072 0.00496961
1074 0.00496919
1076 0.00496886
1078 0.00496859
1080 0.00496838
1082 144.37
1084 372.574
1086 304.183
1088 211.37
1090 140.415
1092 90.4356
1094 56.6925
1096 34.5347
1098 20.2625
1100 11.1976
1102 5.5019
1104 1.9621
1106 0.108331
1108 0.0160123
1110 0.0101104
1112 0.00751819
1114 0.00626288
1116 0.00564173
1118 0.00533132
1120 0.00517507
1122 0.0050958
1124 0.0050552
1126 0.00503412
1128 0.00502297
1130 0.00501691
1132 0.00501248
1134 0.00500291
1136 0.0049961
1138 0.00499121
1140 0.0049874
1142 0.00498426
1144 0.0049816
1146 0.00497931
1148 0.00497735
1150 0.00497568
1152 0.00497426
1154 0.00497306
1156 0.00497206
1158 0.00497123
1160 0.00497055
1162 0.00497
1164 0.00496955
1166 0.00496918
1168 0.00496887
1170 0.0049686
1172 144.371
1174 372.575
1176 304.184
1178 211.37
1180 140.415
1182 90.435
1184 56.6915
1186 34.5334
1188 20.2611
1190 11.1962
1192 5.50056
1194 1.96087
1196 0.108117
1198 0.0160115
1200 0.0101099
1202 0.00751778
1204 0.00626252
1206 0.00564141
1208 0.00533104
1210 0.00517481
1212 0.00509558
1214 0.00505501
1216 0.00503396
1218 0.00502285
1220 0.00501684
1222 0.00501322
1224 0.00500394
1226 0.00499683
1228 0.0049918
1230 0.00498792
1232 0.00498473
1234 0.00498204
1236 0.00497974
1238 0.00497776
1240 0.00497607
1242 0.00497463
1244 0.00497341
1246 0.00497239
1248 0.00497154
1250 0.00497084
1252 0.00497025
1254 0.00496976
1256 0.00496934
1258 0.00496897
1260 0.00496882
1262 144.373
1264 372.577
1266 304.185
1268 211.371
1270 140.416
1272 90.4354
1274 56.6917
1276 34.5333
1278 20.2609
1280 11.1959
1282 5.50011
1284 1.96035
1286 0.108003
1288 0.0160127
1290 0.0101104
1292 0.00751804
1294 0.00626266
1296 0.0056415
1298 0.00533109
1300 0.00517484
1302 0.0050956
1304 0.00505503
1306 0.00503398
1308 0.00502287
1310 0.00501687
1312 0.00501282
1314 0.00500332
1316 0.00499643
1318 0.00499151
1320 0.00498769
1322 0.00498455
1324 0.00498189
1326 0.00497961
1328 0.00497765
1330 0.00497597
1332 0.00497455
1334 0.00497335
1336 0.00497234
1338 0.0049715
1340 0.0049708
1342 0.00497022
1344 0.00496973
1346 0.00496931
1348 0.00496893
1350 0.00496898
Time taken by code: 103274 seconds
