ion file read
lach reactanats 1
lac1n product 0
h1p product 4
pho1n reactanats 3
pho2n product 2
h1p product 4
reaction file read
reaction bio file read
inhibition file read1
lac1n 0 dt*D/dx**2= 0.0205429
lach 1 dt*D/dx**2= 0.0221111
pho2n 2 dt*D/dx**2= 0.0150543
pho1n 3 dt*D/dx**2= 0.0191316
h1p 4 dt*D/dx**2= 0.185043
ca2p 5 dt*D/dx**2= 0.0156816
cl1n 6 dt*D/dx**2= 0.0403017
k1p 7 dt*D/dx**2= 0.0390472
glu 8 dt*D/dx**2= 0.0133294
f1n 9 dt*D/dx**2= 0.0232088
2.52525e-06 9.83333e-07
Started simulation
0 0.07
2 117
4 370.78
6 446.733
8 490.338
10 516.574
12 532.377
14 541.887
16 547.606
18 551.042
20 553.103
22 551.642
24 410.135
26 275.123
28 178.766
30 113.477
32 70.5198
34 42.8213
36 25.2204
38 14.1578
40 7.26418
42 3.00281
44 0.444647
46 0.0171449
48 0.0101616
50 0.00752237
52 0.00626026
54 0.00563786
56 0.00532734
58 0.00517125
60 0.00509219
62 0.00505177
64 0.00503083
66 0.00501978
68 0.00501379
70 0.00501043
72 0.00500846
74 0.00500724
76 0.00500645
78 0.00500591
80 0.00500553
82 0.00500524
84 0.00500502
86 0.00500484
88 0.00500468
90 0.00500454
92 144.422
94 375.342
96 449.207
98 491.841
100 517.481
102 532.915
104 542.2
106 547.783
108 551.136
110 553.148
112 551.658
114 410.133
116 275.111
118 178.749
120 113.457
122 70.4982
124 42.7992
126 25.1983
128 14.136
130 7.2429
132 2.98224
134 0.42821
136 0.0170994
138 0.0101634
140 0.00752394
142 0.00626124
144 0.00563845
146 0.00532767
148 0.0051714
150 0.00509223
152 0.00505174
154 0.00503076
156 0.00501967
158 0.00501366
160 0.00501029
162 0.00500831
164 0.0050071
166 0.0050063
168 0.00500576
170 0.00500538
172 0.00500509
174 0.00500487
176 0.0050047
178 0.00500455
180 0.00500443
182 144.422
184 375.34
186 449.201
188 491.831
190 517.47
192 532.903
194 542.188
196 547.77
198 551.123
200 553.135
202 551.646
204 410.121
206 275.099
208 178.737
210 113.445
212 70.4868
214 42.7881
216 25.1874
218 14.1254
220 7.2326
222 2.97224
224 0.420259
226 0.0170778
228 0.0101643
230 0.00752462
232 0.0062616
234 0.0056386
236 0.00532769
238 0.00517134
240 0.00509211
242 0.00505158
244 0.00503057
246 0.00501948
248 0.00501347
250 0.0050101
252 0.00500813
254 0.00500692
256 0.00500614
258 0.00500561
260 0.00500523
262 0.00500495
264 0.00500474
266 0.00500458
268 0.00500445
270 0.00500434
272 144.421
274 375.338
276 449.195
278 491.822
280 517.461
282 532.894
284 542.179
286 547.762
288 551.115
290 553.127
292 551.637
294 410.113
296 275.092
298 178.729
300 113.438
302 70.4799
304 42.7813
306 25.1809
308 14.1191
310 7.22642
312 2.96624
314 0.415527
316 0.017064
318 0.0101644
320 0.00752477
322 0.0062616
324 0.0056385
326 0.00532753
328 0.00517113
330 0.00509189
332 0.00505135
334 0.00503034
336 0.00501926
338 0.00501326
340 0.0050099
342 0.00500794
344 0.00500675
346 0.00500598
348 0.00500546
350 0.0050051
352 0.00500483
354 0.00500464
356 0.00500448
358 0.00500436
360 0.00500427
362 144.422
364 375.337
366 449.19
368 491.814
370 517.453
372 532.887
374 542.172
376 547.755
378 551.108
380 553.12
382 551.631
384 410.107
386 275.086
388 178.724
390 113.433
392 70.4749
394 42.7766
396 25.1763
398 14.1146
400 7.22215
402 2.96214
404 0.412323
406 0.0170531
408 0.010164
410 0.00752451
412 0.00626132
414 0.0056382
416 0.00532722
418 0.00517083
420 0.00509159
422 0.00505106
424 0.00503008
426 0.00501901
428 0.00501303
430 0.0050097
432 0.00500776
434 0.00500658
436 0.00500583
438 0.00500533
440 0.00500498
442 0.00500473
444 0.00500454
446 0.0050044
448 0.00500429
450 0.0050042
452 144.422
454 375.335
456 449.185
458 491.807
460 517.445
462 532.879
464 542.165
466 547.748
468 551.102
470 553.115
472 551.626
474 410.102
476 275.081
478 178.72
480 113.428
482 70.4711
484 42.773
486 25.1729
488 14.1115
490 7.21914
492 2.95928
494 0.410129
496 0.0170438
498 0.010163
500 0.00752393
502 0.00626083
504 0.00563775
506 0.0053268
508 0.00517044
510 0.00509123
512 0.00505074
514 0.00502978
516 0.00501875
518 0.0050128
520 0.00500949
522 0.00500758
524 0.00500642
526 0.00500569
528 0.00500521
530 0.00500487
532 0.00500463
534 0.00500446
536 0.00500433
538 0.00500423
540 0.00500415
542 144.422
544 375.333
546 449.18
548 491.8
550 517.438
552 532.873
554 542.159
556 547.742
558 551.097
560 553.11
562 551.621
564 410.098
566 275.077
568 178.716
570 113.425
572 70.4681
574 42.7702
576 25.1704
578 14.1091
580 7.21698
-233996
-1.24727
9.54771e-22
-4.87998e+15 -2.7201e+15 101 6
-2.15988e+15
