ion file read
lach reactanats 1
lac1n product 0
h1p product 4
pho1n reactanats 3
pho2n product 2
h1p product 4
reaction file read
reaction bio file read
inhibition file read1
lac1n 0 dt*D/dx**2= 0.0205429
lach 1 dt*D/dx**2= 0.0221111
pho2n 2 dt*D/dx**2= 0.0150543
pho1n 3 dt*D/dx**2= 0.0191316
h1p 4 dt*D/dx**2= 0.185043
ca2p 5 dt*D/dx**2= 0.0156816
cl1n 6 dt*D/dx**2= 0.0403017
k1p 7 dt*D/dx**2= 0.0390472
glu 8 dt*D/dx**2= 0.0133294
f1n 9 dt*D/dx**2= 0.0232088
2.52525e-06 9.83333e-07
Started simulation
0 0.07
2 117
4 368.011
6 301.669
8 209.815
10 139.443
12 89.8325
14 56.3212
16 34.3077
18 20.1257
20 11.1175
22 5.45786
24 1.9413
26 0.106502
28 0.0159415
30 0.0100779
32 0.00749606
34 0.00624507
36 0.00562536
38 0.00531468
40 0.0051569
42 0.00507496
44 0.00503044
46 0.00500393
48 0.00498553
50 0.00497036
52 0.00495672
54 0.00494475
56 0.00493494
58 0.00492732
60 0.00492156
62 0.00491722
64 0.00491394
66 0.00491142
68 0.00490948
70 0.00490796
72 0.00490676
74 0.00490581
76 0.00490505
78 0.00490444
80 0.00490395
ion file read
lach reactanats 1
lac1n product 0
h1p product 4
pho1n reactanats 3
pho2n product 2
h1p product 4
reaction file read
reaction bio file read
inhibition file read1
lac1n 0 dt*D/dx**2= 0.0205429
lach 1 dt*D/dx**2= 0.0221111
pho2n 2 dt*D/dx**2= 0.0150543
pho1n 3 dt*D/dx**2= 0.0191316
h1p 4 dt*D/dx**2= 0.185043
ca2p 5 dt*D/dx**2= 0.0156816
cl1n 6 dt*D/dx**2= 0.0403017
k1p 7 dt*D/dx**2= 0.0390472
glu 8 dt*D/dx**2= 0.0133294
f1n 9 dt*D/dx**2= 0.0232088
sod1p 10 dt*D/dx**2= 0.023052
2.52525e-06 9.83333e-07
Started simulation
0 0.07
2 116.312
4 367.28
6 300.947
ion file read
lach reactanats 1
lac1n product 0
h1p product 4
pho1n reactanats 3
pho2n product 2
h1p product 4
reaction file read
reaction bio file read
inhibition file read1
lac1n 0 dt*D/dx**2= 0.0205429
lach 1 dt*D/dx**2= 0.0221111
pho2n 2 dt*D/dx**2= 0.0150543
pho1n 3 dt*D/dx**2= 0.0191316
h1p 4 dt*D/dx**2= 0.185043
ca2p 5 dt*D/dx**2= 0.0156816
cl1n 6 dt*D/dx**2= 0.0403017
k1p 7 dt*D/dx**2= 0.0390472
glu 8 dt*D/dx**2= 0.0133294
f1n 9 dt*D/dx**2= 0.0232088
sod1p 10 dt*D/dx**2= 0.023052
2.52525e-06 9.83333e-07
Started simulation
0 0.07
2 116.312
4 367.28
6 300.947
8 209.115
10 138.765
12 89.1567
14 55.6453
16 33.6332
18 19.4537
20 10.4485
22 4.79273
24 1.28866
26 0.0273768
28 0.0146498
30 0.00966102
32 0.00725765
34 0.00607168
36 0.00548112
38 0.0051852
40 0.00503568
42 0.00495874
44 0.00491717
46 0.00489161
48 0.00487249
50 0.0048574
52 0.00484636
54 0.00483865
56 0.00483326
58 0.00482938
60 0.00482651
62 0.00482432
64 0.00482262
66 0.00482127
68 0.00482018
70 0.00481931
72 0.0048186
74 0.00481802
76 0.00481754
78 0.00481716
80 0.00481684
82 0.00481657
84 0.00481635
86 0.00481618
88 0.00481602
90 0.00481589
92 143.489
94 371.644
96 303.279
98 210.515
100 139.605
102 89.6579
104 55.9414
106 33.8053
108 19.5507
110 10.5
112 4.81669
114 1.29589
116 0.027397
118 0.0146582
120 0.00966615
122 0.00726121
124 0.00607449
126 0.0054836
128 0.00518763
130 0.00503832
132 0.00496196
134 0.00492162
136 0.00489848
138 0.00488252
140 0.00486884
142 0.00485684
144 0.00484733
146 0.00484027
148 0.00483508
150 0.00483119
152 0.00482821
154 0.00482587
156 0.00482401
158 0.0048225
160 0.00482127
162 0.00481941
164 0.00481753
166 0.0048162
168 0.0048152
170 0.00481443
172 0.00481382
174 0.00481332
176 0.0048129
178 0.00481256
180 0.00481228
182 143.461
184 371.604
186 303.241
188 210.478
190 139.571
192 89.637
194 55.9296
196 33.7985
198 19.5464
200 10.4966
202 4.81308
204 1.29166
206 0.02737
208 0.0146657
210 0.00967164
212 0.00726524
214 0.00607772
216 0.00548643
218 0.00519033
220 0.00504108
222 0.00496502
224 0.00491582
226 0.00488046
228 0.00485951
230 0.00484665
232 0.00483824
234 0.0048324
236 0.00482812
238 0.00482486
240 0.00482231
242 0.00482027
244 0.00481863
246 0.00481728
248 0.00481618
250 0.00481527
252 0.00481452
254 0.0048139
256 0.00481339
258 0.00481296
260 0.0048126
262 0.0048123
264 0.00481206
266 0.00481185
268 0.00481168
270 0.00481154
272 143.455
274 371.595
276 303.232
278 210.469
280 139.562
282 89.6295
284 55.9237
286 33.7935
288 19.5418
290 10.4922
292 4.80879
294 1.28746
296 0.0273524
298 0.0146675
300 0.00967292
302 0.0072661
304 0.00607832
306 0.00548689
308 0.00519069
310 0.00504139
312 0.00496529
314 0.00491321
316 0.00487865
318 0.00485835
320 0.00484585
322 0.00483765
324 0.00483193
326 0.00482774
328 0.00482454
330 0.00482203
332 0.00482003
334 0.00481841
336 0.0048171
338 0.00481601
340 0.00481512
342 0.00481439
344 0.00481378
346 0.00481328
348 0.00481286
350 0.00481251
352 0.00481222
354 0.00481198
356 0.00481178
358 0.00481161
360 0.00481148
362 143.455
364 371.592
366 303.227
368 210.464
370 139.556
372 89.6245
374 55.9196
376 33.79
378 19.5386
380 10.4891
382 4.80574
384 1.28447
386 0.0273401
388 0.0146688
390 0.00967381
392 0.00726668
394 0.00607872
396 0.00548718
398 0.00519091
400 0.00504156
402 0.00496542
404 0.00491237
406 0.00487801
408 0.00485792
410 0.00484555
412 0.00483741
414 0.00483173
416 0.00482756
418 0.00482438
420 0.00482189
422 0.0048199
424 0.0048183
426 0.00481699
428 0.00481592
430 0.00481504
432 0.00481431
434 0.00481371
436 0.00481321
438 0.00481279
440 0.00481245
442 0.00481216
444 0.00481193
446 0.00481173
448 0.00481156
450 0.00481143
452 143.455
454 371.589
456 303.224
458 210.459
460 139.551
462 89.6201
464 55.9161
466 33.787
468 19.5359
470 10.4866
472 4.80327
474 1.28209
476 0.0273308
478 0.0146698
480 0.0096745
482 0.00726711
484 0.00607902
486 0.00548739
488 0.00519106
490 0.00504167
492 0.00496551
494 0.00491235
496 0.00487791
498 0.00485783
500 0.00484547
502 0.00483734
504 0.00483166
506 0.00482749
508 0.00482431
510 0.00482182
512 0.00481983
514 0.00481823
516 0.00481692
518 0.00481585
520 0.00481497
522 0.00481425
524 0.00481365
526 0.00481315
528 0.00481274
530 0.0048124
532 0.00481212
534 0.00481188
536 0.00481169
538 0.00481152
540 0.00481139
542 143.455
544 371.587
546 303.22
548 210.455
550 139.546
552 89.6161
554 55.913
556 33.7844
558 19.5336
560 10.4844
562 4.8012
564 1.2801
566 0.0273233
568 0.0146706
570 0.00967505
572 0.00726746
574 0.00607924
576 0.00548754
578 0.00519117
580 0.00504175
582 0.00496558
584 0.00491278
586 0.00487807
588 0.0048579
590 0.0048455
592 0.00483735
594 0.00483165
596 0.00482747
598 0.00482428
600 0.00482178
602 0.00481979
604 0.00481818
606 0.00481688
608 0.00481581
610 0.00481493
612 0.0048142
614 0.00481361
616 0.00481311
618 0.0048127
620 0.00481236
622 0.00481208
624 0.00481184
626 0.00481165
628 0.00481149
630 0.00481135
632 143.454
634 371.585
636 303.217
638 210.451
640 139.542
642 89.6124
644 55.9102
646 33.7821
648 19.5316
650 10.4826
652 4.79942
654 1.27838
656 0.0273169
658 0.0146713
660 0.00967552
662 0.00726775
664 0.00607943
666 0.00548767
668 0.00519125
670 0.00504181
672 0.00496561
674 0.00491346
676 0.00487839
678 0.00485807
680 0.0048456
682 0.0048374
684 0.00483168
686 0.00482747
688 0.00482427
690 0.00482176
692 0.00481977
694 0.00481816
696 0.00481685
698 0.00481578
700 0.0048149
702 0.00481417
704 0.00481357
706 0.00481308
708 0.00481267
710 0.00481233
712 0.00481205
714 0.00481181
716 0.00481162
718 0.00481146
720 0.00481132
722 143.453
724 371.583
726 303.214
728 210.448
730 139.538
732 89.609
734 55.9075
736 33.78
738 19.5297
740 10.4809
742 4.79781
744 1.27686
746 0.0273114
748 0.0146719
750 0.00967591
752 0.00726799
754 0.00607958
756 0.00548776
758 0.00519132
760 0.00504184
762 0.00496563
764 0.00491444
766 0.00487889
768 0.00485835
770 0.00484577
772 0.00483751
774 0.00483175
776 0.00482751
778 0.00482429
780 0.00482177
782 0.00481976
784 0.00481815
786 0.00481683
788 0.00481575
790 0.00481487
792 0.00481414
794 0.00481354
796 0.00481305
798 0.00481264
800 0.0048123
802 0.00481202
804 0.00481178
806 0.00481159
808 0.00481143
810 0.00481129
812 143.452
814 371.581
816 303.211
818 210.444
820 139.534
822 89.6057
824 55.905
826 33.778
828 19.528
830 10.4794
832 4.79637
834 1.27549
836 0.0273066
838 0.0146724
840 0.00967626
842 0.0072682
844 0.00607971
846 0.00548785
848 0.00519137
850 0.00504187
852 0.00496564
854 0.0049155
856 0.00487944
858 0.00485866
860 0.00484596
862 0.00483764
864 0.00483183
866 0.00482756
868 0.00482432
870 0.00482178
872 0.00481976
874 0.00481814
876 0.00481682
878 0.00481574
880 0.00481485
882 0.00481412
884 0.00481352
886 0.00481302
888 0.00481261
890 0.00481227
892 0.00481199
894 0.00481176
896 0.00481156
898 0.0048114
900 0.00481127
902 143.451
904 371.579
906 303.208
908 210.441
910 139.531
912 89.6026
914 55.9027
916 33.7761
918 19.5264
920 10.4779
922 4.79504
924 1.27425
926 0.0273024
928 0.0146729
930 0.00967656
932 0.00726838
934 0.00607982
936 0.00548791
938 0.00519141
940 0.00504189
942 0.00496565
944 0.00491679
946 0.00488013
948 0.00485905
950 0.00484621
952 0.0048378
954 0.00483194
956 0.00482764
958 0.00482437
960 0.00482181
962 0.00481978
964 0.00481814
966 0.00481681
968 0.00481573
970 0.00481484
972 0.00481411
974 0.0048135
976 0.004813
978 0.00481259
980 0.00481225
982 0.00481197
984 0.00481173
986 0.00481154
988 0.00481138
990 0.00481125
992 143.45
994 371.577
996 303.206
998 210.438
1000 139.527
1002 89.5996
1004 55.9004
1006 33.7743
1008 19.525
1010 10.4766
1012 4.79383
1014 1.27313
1016 0.0272986
1018 0.0146733
1020 0.00967684
1022 0.00726854
1024 0.00607992
1026 0.00548797
1028 0.00519144
1030 0.00504191
1032 0.00496565
1034 0.00491811
1036 0.00488086
1038 0.00485946
1040 0.00484646
1042 0.00483797
1044 0.00483205
1046 0.00482772
1048 0.00482442
1050 0.00482185
1052 0.0048198
1054 0.00481815
1056 0.00481681
1058 0.00481572
1060 0.00481483
1062 0.00481409
1064 0.00481349
1066 0.00481299
1068 0.00481257
1070 0.00481223
1072 0.00481195
1074 0.00481171
1076 0.00481152
1078 0.00481136
1080 0.00481122
1082 143.449
1084 371.575
1086 303.203
1088 210.435
1090 139.524
1092 89.5967
1094 55.8982
1096 33.7726
1098 19.5236
1100 10.4754
1102 4.79269
1104 1.27207
1106 0.0272951
1108 0.0146737
1110 0.00967708
1112 0.00726868
1114 0.00608
1116 0.00548802
1118 0.00519147
1120 0.00504192
1122 0.00496564
1124 0.0049196
1126 0.00488173
1128 0.00485994
1130 0.00484677
1132 0.00483818
1134 0.0048322
1136 0.00482782
1138 0.00482449
1140 0.00482189
1142 0.00481983
1144 0.00481817
1146 0.00481682
1148 0.00481572
1150 0.00481482
1152 0.00481408
1154 0.00481347
1156 0.00481297
1158 0.00481256
1160 0.00481221
1162 0.00481193
1164 0.0048117
1166 0.0048115
1168 0.00481134
1170 0.00481121
1172 143.45
1174 371.573
1176 303.2
1178 210.432
1180 139.521
1182 89.5937
1184 55.8961
1186 33.7709
1188 19.5222
1190 10.4742
1192 4.79161
1194 1.2711
1196 0.0272918
1198 0.014674
1200 0.0096773
1202 0.00726881
1204 0.00608008
1206 0.00548806
1208 0.00519149
1210 0.00504193
1212 0.00496564
1214 0.00492104
1216 0.00488263
1218 0.00486044
1220 0.00484708
1222 0.00483838
1224 0.00483234
1226 0.00482792
1228 0.00482456
1230 0.00482194
1232 0.00481986
1234 0.00481819
1236 0.00481683
1238 0.00481572
1240 0.00481482
1242 0.00481407
1244 0.00481346
1246 0.00481296
1248 0.00481254
1250 0.0048122
1252 0.00481191
1254 0.00481168
1256 0.00481148
1258 0.00481132
1260 0.00481119
1262 143.451
1264 371.572
1266 303.198
1268 210.429
1270 139.517
1272 89.5908
1274 55.8939
1276 33.7693
1278 19.5208
1280 10.473
1282 4.79058
1284 1.27017
1286 0.0272888
1288 0.0146743
1290 0.00967749
1292 0.00726892
1294 0.00608014
1296 0.0054881
1298 0.00519151
1300 0.00504193
1302 0.00496563
1304 0.00492253
1306 0.00488368
1308 0.00486101
1310 0.00484743
1312 0.00483862
1314 0.00483251
1316 0.00482804
1318 0.00482465
1320 0.004822
1322 0.0048199
1324 0.00481822
1326 0.00481685
1328 0.00481573
1330 0.00481482
1332 0.00481407
1334 0.00481346
1336 0.00481295
1338 0.00481253
1340 0.00481218
1342 0.0048119
1344 0.00481166
1346 0.00481146
1348 0.0048113
1350 0.00481117
Time taken by code: 78672.7 seconds
