ion file read
lach reactanats 5
lac1n product 4
h1p product 15
forh reactanats 3
for1n product 2
h1p product 15
aceh reactanats 1
ace1n product 0
h1p product 15
proh reactanats 7
pro1n product 6
h1p product 15
such reactanats 10
suc1n product 9
h1p product 15
suc1n reactanats 9
suc2n product 8
h1p product 15
co2 reactanats 12
hco31n product 11
h1p product 15
pho1n reactanats 14
pho2n product 13
h1p product 15
sh21p reactanats 26
sh product 27
h1p product 15
sh reactanats 27
s1n product 28
h1p product 15
sca1p reactanats 29
s1n product 28
ca2p product 16
reaction file read
reaction bio file read
inhibition file read12
ace1n 0 dt*D/dx**2= 0.0216406
aceh 1 dt*D/dx**2= 0.0257178
for1n 2 dt*D/dx**2= 0.0288541
forh 3 dt*D/dx**2= 0.0280701
lac1n 4 dt*D/dx**2= 0.0205429
lach 5 dt*D/dx**2= 0.0221111
pro1n 6 dt*D/dx**2= 0.0188179
proh 7 dt*D/dx**2= 0.0210133
suc2n 8 dt*D/dx**2= 0.0155248
suc1n 9 dt*D/dx**2= 0.0172498
such 10 dt*D/dx**2= 0.0186611
hco31n 11 dt*D/dx**2= 0.0235224
co2 12 dt*D/dx**2= 0.0381063
pho2n 13 dt*D/dx**2= 0.0150543
pho1n 14 dt*D/dx**2= 0.0191316
h1p 15 dt*D/dx**2= 0.185043
ca2p 16 dt*D/dx**2= 0.0156816
cl1n 17 dt*D/dx**2= 0.0403017
k1p 18 dt*D/dx**2= 0.0390472
o2 19 dt*D/dx**2= 0.0417131
glu 20 dt*D/dx**2= 0.0133294
eth 21 dt*D/dx**2= 0.0246201
f1n 22 dt*D/dx**2= 0.0232088
pgact 23 dt*D/dx**2= 0
pgsta 24 dt*D/dx**2= 0
pgstn 25 dt*D/dx**2= 0
sh21p 26 dt*D/dx**2= 0
sh 27 dt*D/dx**2= 0
s1n 28 dt*D/dx**2= 0
sca1p 29 dt*D/dx**2= 0
2.52525e-06 9.83333e-07
Started simulation
0 0.07
2 113.954
4 356.275
6 284.378
8 187.733
10 113.654
12 61.3057
14 25.8312
16 3.86309
18 0.595117
20 0.19486
22 0.0813976
24 0.0383119
26 0.0193164
28 0.0105832
30 0.00645219
32 0.00457361
34 0.00370216
36 0.00327707
38 0.00305456
40 0.00293936
42 0.00287834
44 0.00284437
46 0.00282423
48 0.00281138
50 0.00280251
52 0.00279596
54 0.00279088
56 0.00278681
58 0.00278347
60 0.00278071
62 0.00277843
64 0.00277653
66 0.00277494
68 0.00277362
70 0.00277251
72 0.00277157
74 0.00277079
76 0.00277012
78 0.00276956
80 0.00276907
82 0.00276866
84 0.0027683
86 0.00276798
88 0.00276768
90 0.00276748
92 140.992
94 361.164
96 286.757
98 188.916
100 114.169
102 61.4385
104 25.7404
106 3.77218
108 0.592322
110 0.194657
112 0.0813423
114 0.0384433
116 0.0194283
118 0.0106536
120 0.00649952
122 0.00459237
124 0.0036969
126 0.00326367
128 0.00304693
130 0.0029351
132 0.00287534
134 0.00284195
136 0.00282217
138 0.00280961
140 0.00280102
142 0.00279474
144 0.00278991
146 0.00278607
148 0.00278293
150 0.00278034
152 0.00277818
154 0.00277636
156 0.00277481
158 0.00277348
160 0.00277251
162 0.00277172
164 0.00277103
166 0.00277045
168 0.00276994
170 0.0027695
172 0.00276913
174 0.0027688
176 0.00276852
178 0.00276828
180 0.00276807
182 140.998
184 361.179
186 286.752
188 188.883
190 114.11
192 61.3555
194 25.6378
196 3.72416
198 0.591334
200 0.194601
202 0.0813216
204 0.0384699
206 0.0194521
208 0.0106682
210 0.00650379
212 0.00458861
214 0.00369536
216 0.00326283
218 0.00304629
220 0.00293453
222 0.00287482
224 0.00284148
226 0.00282175
228 0.00280923
230 0.00280069
232 0.00279446
234 0.00278967
236 0.00278586
238 0.00278276
240 0.00278018
242 0.00277802
244 0.00277618
246 0.00277471
248 0.00277358
250 0.00277263
252 0.00277181
254 0.00277111
256 0.0027705
258 0.00276999
260 0.00276954
262 0.00276916
264 0.00276883
266 0.00276854
268 0.00276829
270 0.00276808
272 140.998
274 361.182
276 286.753
278 188.871
280 114.081
282 61.3114
284 25.5798
286 3.69659
288 0.590747
290 0.194583
292 0.081313
294 0.0384893
296 0.019467
298 0.0106758
300 0.00650566
302 0.00458727
304 0.00369469
306 0.00326233
308 0.00304585
310 0.00293411
312 0.00287444
314 0.00284112
316 0.00282142
318 0.00280894
320 0.00280043
322 0.00279424
324 0.00278948
326 0.0027857
328 0.00278261
330 0.00278004
332 0.00277787
334 0.00277608
336 0.00277473
338 0.0027736
340 0.00277264
342 0.00277181
344 0.00277111
346 0.0027705
348 0.00276998
350 0.00276953
352 0.00276915
354 0.00276882
356 0.00276853
358 0.00276828
360 0.00276807
362 140.999
364 361.187
366 286.762
368 188.872
370 114.071
372 61.2888
374 25.546
376 3.67962
378 0.590371
380 0.194581
382 0.0813095
384 0.0385029
386 0.0194759
388 0.0106797
390 0.00650647
392 0.00458685
394 0.00369429
396 0.00326193
398 0.00304546
400 0.00293375
402 0.0028741
404 0.00284082
406 0.00282115
408 0.0028087
410 0.00280022
412 0.00279405
414 0.00278932
416 0.00278555
418 0.00278248
420 0.00277992
422 0.00277775
424 0.00277604
426 0.0027747
428 0.00277357
430 0.0027726
432 0.00277178
434 0.00277108
436 0.00277047
438 0.00276995
440 0.00276951
442 0.00276912
444 0.00276879
446 0.0027685
448 0.00276826
450 0.00276804
452 140.999
454 361.192
456 286.775
458 188.882
460 114.071
462 61.2788
464 25.5263
466 3.66873
468 0.590117
470 0.194589
472 0.0813089
474 0.0385118
476 0.0194801
478 0.010681
480 0.00650706
482 0.00458698
484 0.00369405
486 0.0032616
488 0.00304512
490 0.00293343
492 0.00287381
494 0.00284056
496 0.00282092
498 0.0028085
500 0.00280004
502 0.00279389
504 0.00278918
506 0.00278543
508 0.00278237
510 0.00277983
512 0.00277767
514 0.00277595
516 0.00277462
518 0.0027735
520 0.00277254
522 0.00277172
524 0.00277102
526 0.00277042
528 0.00276991
530 0.00276946
532 0.00276908
534 0.00276875
536 0.00276846
538 0.00276822
540 0.002768
542 140.999
544 361.198
546 286.792
548 188.896
550 114.078
552 61.2761
554 25.5149
556 3.66139
558 0.589936
560 0.194602
562 0.0813099
564 0.038517
566 0.0194807
568 0.0106799
570 0.00650714
572 0.00458756
574 0.00369396
576 0.00326134
578 0.00304483
580 0.00293316
582 0.00287357
584 0.00284035
586 0.00282073
588 0.00280833
590 0.00279989
592 0.00279376
594 0.00278906
596 0.00278533
598 0.00278229
600 0.00277976
602 0.00277763
604 0.00277584
606 0.00277451
608 0.0027734
610 0.00277245
612 0.00277164
614 0.00277095
616 0.00277035
618 0.00276984
620 0.0027694
622 0.00276902
624 0.0027687
626 0.00276841
628 0.00276816
630 0.00276794
632 140.997
634 361.205
636 286.811
638 188.913
640 114.088
642 61.277
644 25.5077
646 3.65587
648 0.589794
650 0.194617
652 0.0813119
654 0.0385194
656 0.0194787
658 0.0106767
660 0.00650645
662 0.00458858
664 0.00369402
666 0.00326115
668 0.00304459
670 0.00293294
672 0.00287337
674 0.00284017
676 0.00282057
678 0.00280819
680 0.00279976
682 0.00279364
684 0.00278896
686 0.00278524
688 0.00278222
690 0.00277971
692 0.0027776
694 0.00277578
696 0.00277437
698 0.00277326
700 0.00277233
702 0.00277154
704 0.00277086
706 0.00277027
708 0.00276977
710 0.00276933
712 0.00276895
714 0.00276863
716 0.00276834
718 0.00276809
720 0.00276787
722 140.996
724 361.211
726 286.83
728 188.931
730 114.097
732 61.2785
734 25.5016
736 3.65093
738 0.589664
740 0.194631
742 0.0813141
744 0.0385203
746 0.0194754
748 0.0106725
750 0.00650518
752 0.00458993
754 0.0036942
756 0.00326101
758 0.00304439
760 0.00293274
762 0.0028732
764 0.00284002
766 0.00282044
768 0.00280807
770 0.00279966
772 0.00279355
774 0.00278887
776 0.00278517
778 0.00278215
780 0.00277966
782 0.00277758
784 0.00277581
786 0.00277426
788 0.00277312
790 0.0027722
792 0.00277142
794 0.00277075
796 0.00277017
798 0.00276968
800 0.00276924
802 0.00276887
804 0.00276854
806 0.00276826
808 0.002768
810 0.00276777
812 140.994
814 361.217
816 286.847
818 188.946
820 114.105
822 61.2786
824 25.4947
826 3.6459
828 0.589533
830 0.194644
832 0.0813162
834 0.0385215
836 0.0194725
838 0.0106686
840 0.0065035
842 0.00459131
844 0.00369446
846 0.00326091
848 0.00304422
850 0.00293257
852 0.00287305
854 0.00283989
856 0.00282033
858 0.00280796
860 0.00279956
862 0.00279346
864 0.00278879
866 0.00278509
868 0.00278209
870 0.00277961
872 0.00277755
874 0.0027758
876 0.00277431
878 0.002773
880 0.00277207
882 0.0027713
884 0.00277064
886 0.00277007
888 0.00276958
890 0.00276916
892 0.00276879
894 0.00276846
896 0.00276817
898 0.00276791
900 0.00276767
902 140.992
904 361.223
906 286.862
908 188.958
910 114.111
912 61.2773
914 25.4868
916 3.6407
918 0.589398
920 0.194657
922 0.081318
924 0.038524
926 0.0194711
928 0.0106659
930 0.00650178
932 0.00459237
934 0.00369467
936 0.00326079
938 0.00304404
940 0.0029324
942 0.00287289
944 0.00283975
946 0.00282021
948 0.00280786
950 0.00279946
952 0.00279336
954 0.00278871
956 0.00278502
958 0.00278202
960 0.00277956
962 0.00277751
964 0.00277578
966 0.00277431
968 0.00277296
970 0.00277196
972 0.00277119
974 0.00277054
976 0.00276998
978 0.0027695
980 0.00276908
982 0.00276871
984 0.00276838
986 0.00276809
988 0.00276782
990 0.00276758
992 140.99
994 361.226
996 286.872
998 188.967
1000 114.115
1002 61.2747
1004 25.4783
1006 3.63552
1008 0.589261
1010 0.19467
1012 0.0813186
1014 0.0385308
1016 0.0194741
1018 0.0106663
1020 0.00650142
1022 0.00459244
1024 0.00369451
1026 0.00326054
1028 0.00304378
1030 0.00293216
1032 0.00287268
1034 0.00283957
1036 0.00282004
1038 0.00280771
1040 0.00279933
1042 0.00279325
1044 0.0027886
1046 0.00278493
1048 0.00278195
1050 0.00277949
1052 0.00277745
1054 0.00277573
1056 0.00277427
1058 0.00277295
1060 0.00277191
1062 0.00277114
1064 0.00277049
1066 0.00276994
1068 0.00276946
1070 0.00276904
1072 0.00276867
1074 0.00276834
1076 0.00276805
1078 0.00276777
1080 0.00276751
1082 140.989
1084 361.229
1086 286.881
1088 188.975
1090 114.118
1092 61.2724
1094 25.4705
1096 3.6308
1098 0.589133
1100 0.194684
1102 0.0813189
1104 0.03854
1106 0.0194794
1108 0.0106683
1110 0.00650193
1112 0.00459201
1114 0.00369411
1116 0.0032602
1118 0.00304348
1120 0.00293189
1122 0.00287245
1124 0.00283936
1126 0.00281986
1128 0.00280754
1130 0.00279918
1132 0.00279312
1134 0.00278849
1136 0.00278483
1138 0.00278187
1140 0.00277942
1142 0.00277739
1144 0.00277568
1146 0.00277422
1148 0.00277289
1150 0.00277188
1152 0.00277112
1154 0.00277048
1156 0.00276992
1158 0.00276944
1160 0.00276902
1162 0.00276865
1164 0.00276832
1166 0.00276802
1168 0.00276775
1170 0.00276748
1172 140.99
1174 361.232
1176 286.889
1178 188.982
1180 114.122
1182 61.2709
1184 25.4639
1186 3.62663
1188 0.589016
1190 0.194699
1192 0.0813191
1194 0.0385485
1196 0.0194843
1198 0.0106701
1200 0.00650233
1202 0.0045916
1204 0.00369373
1206 0.00325987
1208 0.00304319
1210 0.00293164
1212 0.00287222
1214 0.00283916
1216 0.00281968
1218 0.00280739
1220 0.00279905
1222 0.002793
1224 0.00278839
1226 0.00278474
1228 0.00278179
1230 0.00277936
1232 0.00277734
1234 0.00277563
1236 0.00277418
1238 0.00277284
1240 0.00277186
1242 0.0027711
1244 0.00277046
1246 0.0027699
1248 0.00276942
1250 0.002769
1252 0.00276863
1254 0.0027683
1256 0.002768
1258 0.00276772
1260 0.00276747
1262 140.991
1264 361.235
1266 286.897
1268 188.99
1270 114.126
1272 61.2702
1274 25.4583
1276 3.62295
1278 0.588909
1280 0.194713
1282 0.0813196
1284 0.0385565
1286 0.0194888
1288 0.0106717
1290 0.00650264
1292 0.00459121
1294 0.00369336
1296 0.00325955
1298 0.00304291
1300 0.00293139
