ion file read
lach reactanats 1
lac1n product 0
h1p product 4
pho1n reactanats 3
pho2n product 2
h1p product 4
reaction file read
reaction bio file read
inhibition file read1
lac1n 0 dt*D/dx**2= 0.0205429
lach 1 dt*D/dx**2= 0.0221111
pho2n 2 dt*D/dx**2= 0.0150543
pho1n 3 dt*D/dx**2= 0.0191316
h1p 4 dt*D/dx**2= 0.185043
ca2p 5 dt*D/dx**2= 0.0156816
cl1n 6 dt*D/dx**2= 0.0403017
k1p 7 dt*D/dx**2= 0.0390472
glu 8 dt*D/dx**2= 0.0133294
f1n 9 dt*D/dx**2= 0.0232088
tcp 10 dt*D/dx**2= 0.015299
2.52525e-06 9.83333e-07
Started simulation
0 0.07
2 116.858
4 367.836
6 301.62
8 209.762
10 139.337
12 89.671
14 56.1197
16 34.0799
18 19.8808
20 10.8611
22 5.19372
24 1.67496
26 0.0627977
28 0.015772
30 0.00999041
32 0.00741426
34 0.00616653
36 0.0055483
38 0.00523823
40 0.00508107
42 0.00500038
44 0.00495819
46 0.00493553
48 0.00492288
50 0.00491546
52 0.00491084
54 0.00490777
56 0.00490559
58 0.00490397
60 0.00490271
62 0.0049017
64 0.00490088
66 0.00490021
68 0.00489965
70 0.00489918
72 0.00489879
74 0.00489846
76 0.00489818
78 0.00489795
80 0.00489775
82 0.00489759
84 0.00489745
86 0.00489733
88 0.00489723
90 0.00489715
92 143.975
94 372.05
96 303.84
98 211.096
100 140.143
102 90.1525
104 56.4064
106 34.2503
108 19.9818
110 10.9209
112 5.22894
114 1.69482
116 0.0644506
118 0.0157946
120 0.00999527
122 0.00741639
124 0.00616777
126 0.00554913
128 0.00523884
130 0.00508154
132 0.00500075
134 0.00495849
136 0.00493577
138 0.00492308
140 0.00491563
142 0.00491097
144 0.00490787
146 0.00490568
148 0.00490404
150 0.00490277
152 0.00490175
154 0.00490092
156 0.00490024
158 0.00489968
160 0.0048992
162 0.00489881
164 0.00489847
166 0.0048982
168 0.00489796
170 0.00489776
172 0.00489759
174 0.00489745
176 0.00489733
178 0.00489723
180 0.00489715
182 143.975
184 372.05
186 303.84
188 211.096
190 140.143
192 90.1525
194 56.4064
196 34.2503
198 19.9818
200 10.9209
202 5.22894
204 1.69482
206 0.0644426
208 0.0157946
210 0.00999527
212 0.00741639
214 0.00616777
216 0.00554913
218 0.00523884
220 0.00508154
222 0.00500075
224 0.00495849
226 0.00493577
228 0.00492308
230 0.00491563
232 0.00491097
234 0.00490787
236 0.00490568
238 0.00490404
240 0.00490277
242 0.00490175
244 0.00490092
246 0.00490024
248 0.00489968
250 0.0048992
252 0.00489881
254 0.00489847
256 0.0048982
258 0.00489796
260 0.00489776
262 0.00489759
264 0.00489745
266 0.00489733
268 0.00489723
270 0.00489715
272 143.975
274 372.05
276 303.84
278 211.096
280 140.143
282 90.1525
284 56.4064
286 34.2503
288 19.9818
290 10.9209
292 5.22894
294 1.69482
296 0.064473
298 0.0157948
300 0.00999529
302 0.00741639
304 0.00616777
306 0.00554913
308 0.00523884
310 0.00508154
312 0.00500075
314 0.00495849
316 0.00493577
318 0.00492308
320 0.00491563
322 0.00491097
324 0.00490787
326 0.00490568
328 0.00490404
330 0.00490277
332 0.00490175
334 0.00490092
336 0.00490024
338 0.00489968
340 0.0048992
342 0.00489881
344 0.00489847
346 0.0048982
348 0.00489796
350 0.00489776
352 0.00489759
354 0.00489745
356 0.00489733
358 0.00489723
360 0.00489715
362 143.974
364 372.05
366 303.84
368 211.096
370 140.143
372 90.1525
374 56.4064
376 34.2503
378 19.9818
380 10.9209
382 5.22894
384 1.69482
386 0.0644667
388 0.0157948
390 0.00999528
392 0.00741639
394 0.00616777
396 0.00554913
398 0.00523884
400 0.00508154
402 0.00500075
404 0.00495849
406 0.00493577
408 0.00492308
410 0.00491563
412 0.00491097
414 0.00490787
416 0.00490568
418 0.00490404
420 0.00490277
422 0.00490175
424 0.00490092
426 0.00490024
428 0.00489968
430 0.0048992
432 0.00489881
434 0.00489847
436 0.0048982
438 0.00489796
440 0.00489776
442 0.00489759
444 0.00489745
446 0.00489733
448 0.00489723
450 0.00489715
452 143.975
454 372.05
456 303.84
458 211.096
460 140.143
462 90.1525
464 56.4064
466 34.2503
468 19.9818
470 10.9209
472 5.22893
474 1.69481
476 0.0644663
478 0.0157947
480 0.00999528
482 0.00741639
484 0.00616777
486 0.00554913
488 0.00523884
490 0.00508154
492 0.00500075
494 0.00495849
496 0.00493577
498 0.00492308
500 0.00491563
502 0.00491097
504 0.00490787
506 0.00490568
508 0.00490404
510 0.00490277
512 0.00490175
514 0.00490092
516 0.00490024
518 0.00489968
520 0.0048992
522 0.00489881
524 0.00489847
526 0.0048982
528 0.00489796
530 0.00489776
532 0.00489759
534 0.00489745
536 0.00489733
538 0.00489723
540 0.00489715
542 143.975
544 372.05
546 303.84
548 211.096
550 140.143
552 90.1524
554 56.4063
556 34.2502
558 19.9818
560 10.9209
562 5.22893
564 1.69481
566 0.0644794
568 0.0157948
570 0.00999529
572 0.00741639
574 0.00616777
576 0.00554913
578 0.00523884
580 0.00508154
582 0.00500075
584 0.00495849
586 0.00493577
588 0.00492308
590 0.00491563
592 0.00491097
594 0.00490787
596 0.00490568
598 0.00490404
600 0.00490277
602 0.00490175
604 0.00490092
606 0.00490024
608 0.00489968
610 0.0048992
612 0.00489881
614 0.00489847
616 0.0048982
618 0.00489796
620 0.00489776
622 0.00489759
624 0.00489745
626 0.00489733
628 0.00489723
630 0.00489715
632 143.975
634 372.05
636 303.84
638 211.096
640 140.143
642 90.1525
644 56.4064
646 34.2503
648 19.9818
650 10.9209
652 5.22894
654 1.69482
656 0.0644564
658 0.0157947
660 0.00999528
662 0.00741639
664 0.00616777
666 0.00554913
668 0.00523884
670 0.00508154
672 0.00500075
674 0.00495849
676 0.00493577
678 0.00492308
680 0.00491563
682 0.00491097
684 0.00490787
686 0.00490568
688 0.00490404
690 0.00490277
692 0.00490175
694 0.00490092
696 0.00490024
698 0.00489968
700 0.0048992
702 0.00489881
704 0.00489847
706 0.0048982
708 0.00489796
710 0.00489776
712 0.00489759
714 0.00489745
716 0.00489733
718 0.00489723
720 0.00489715
722 143.974
724 372.05
726 303.84
728 211.096
730 140.143
732 90.1526
734 56.4064
736 34.2503
738 19.9818
740 10.9209
742 5.22895
744 1.69482
746 0.0644674
748 0.0157948
750 0.00999529
752 0.00741639
754 0.00616777
756 0.00554913
758 0.00523884
760 0.00508154
762 0.00500075
764 0.00495849
766 0.00493577
768 0.00492308
770 0.00491563
772 0.00491097
774 0.00490787
776 0.00490568
778 0.00490404
780 0.00490277
782 0.00490175
784 0.00490092
786 0.00490024
788 0.00489968
790 0.0048992
792 0.00489881
794 0.00489847
796 0.0048982
798 0.00489796
800 0.00489776
802 0.00489759
804 0.00489745
806 0.00489733
808 0.00489723
810 0.00489715
812 143.973
814 372.049
816 303.84
818 211.096
820 140.143
822 90.1526
824 56.4064
826 34.2503
828 19.9818
830 10.9209
832 5.22894
834 1.69482
836 0.0644783
838 0.0157949
840 0.0099953
842 0.0074164
844 0.00616778
846 0.00554913
848 0.00523884
850 0.00508154
852 0.00500075
854 0.00495849
856 0.00493577
858 0.00492308
860 0.00491563
862 0.00491097
864 0.00490787
866 0.00490568
868 0.00490404
870 0.00490277
872 0.00490175
874 0.00490092
876 0.00490024
878 0.00489968
880 0.0048992
882 0.00489881
884 0.00489847
886 0.0048982
888 0.00489796
890 0.00489776
892 0.00489759
894 0.00489745
896 0.00489733
898 0.00489723
900 0.00489715
902 143.973
904 372.05
906 303.84
908 211.096
910 140.143
912 90.1526
914 56.4065
916 34.2503
918 19.9818
920 10.9209
922 5.22895
924 1.69482
926 0.0644839
928 0.0157949
930 0.00999531
932 0.0074164
934 0.00616778
936 0.00554914
938 0.00523884
940 0.00508154
942 0.00500075
944 0.00495849
946 0.00493577
948 0.00492308
950 0.00491563
952 0.00491097
954 0.00490787
956 0.00490568
958 0.00490404
960 0.00490277
962 0.00490175
964 0.00490092
966 0.00490024
968 0.00489968
970 0.0048992
972 0.00489881
974 0.00489847
976 0.0048982
978 0.00489796
980 0.00489776
982 0.00489759
984 0.00489745
986 0.00489733
988 0.00489723
990 0.00489715
992 143.972
994 372.049
996 303.84
998 211.096
1000 140.143
1002 90.1527
1004 56.4065
1006 34.2503
1008 19.9818
1010 10.9209
1012 5.22895
1014 1.69483
1016 0.0644717
1018 0.0157948
1020 0.0099953
1022 0.0074164
1024 0.00616778
1026 0.00554914
1028 0.00523884
1030 0.00508154
1032 0.00500075
1034 0.00495849
1036 0.00493577
1038 0.00492308
1040 0.00491563
1042 0.00491097
1044 0.00490787
1046 0.00490568
1048 0.00490404
1050 0.00490277
1052 0.00490175
1054 0.00490092
1056 0.00490024
1058 0.00489968
1060 0.0048992
1062 0.00489881
1064 0.00489847
1066 0.0048982
1068 0.00489796
1070 0.00489776
1072 0.00489759
1074 0.00489745
1076 0.00489733
1078 0.00489723
1080 0.00489715
1082 143.971
1084 372.049
1086 303.841
1088 211.096
1090 140.143
1092 90.1527
1094 56.4065
1096 34.2504
1098 19.9818
1100 10.921
1102 5.22896
1104 1.69483
1106 0.0644746
1108 0.0157949
1110 0.00999531
1112 0.0074164
1114 0.00616778
1116 0.00554914
1118 0.00523884
1120 0.00508154
1122 0.00500075
1124 0.00495849
1126 0.00493577
1128 0.00492308
1130 0.00491563
1132 0.00491097
1134 0.00490787
1136 0.00490568
1138 0.00490404
1140 0.00490277
1142 0.00490175
1144 0.00490092
1146 0.00490024
1148 0.00489968
1150 0.0048992
1152 0.00489881
1154 0.00489847
1156 0.0048982
1158 0.00489796
1160 0.00489776
1162 0.00489759
1164 0.00489745
1166 0.00489733
1168 0.00489723
1170 0.00489715
1172 143.972
1174 372.049
1176 303.84
1178 211.096
1180 140.143
1182 90.1526
1184 56.4065
1186 34.2503
1188 19.9818
1190 10.9209
1192 5.22895
1194 1.69482
1196 0.0644537
1198 0.0157947
1200 0.00999529
1202 0.0074164
1204 0.00616778
1206 0.00554913
1208 0.00523884
1210 0.00508154
1212 0.00500075
1214 0.00495849
1216 0.00493577
1218 0.00492308
1220 0.00491563
1222 0.00491097
1224 0.00490787
1226 0.00490568
1228 0.00490404
1230 0.00490277
1232 0.00490175
1234 0.00490092
1236 0.00490024
1238 0.00489968
1240 0.0048992
1242 0.00489881
1244 0.00489847
1246 0.0048982
1248 0.00489796
1250 0.00489776
1252 0.00489759
1254 0.00489745
1256 0.00489733
1258 0.00489723
1260 0.00489715
1262 143.974
1264 372.05
1266 303.84
1268 211.096
1270 140.143
1272 90.1526
1274 56.4064
1276 34.2503
1278 19.9818
1280 10.9209
1282 5.22894
1284 1.69482
1286 0.0644781
1288 0.0157948
1290 0.00999529
1292 0.0074164
1294 0.00616778
1296 0.00554913
1298 0.00523884
1300 0.00508154
1302 0.00500075
1304 0.00495849
1306 0.00493577
1308 0.00492308
1310 0.00491563
1312 0.00491097
1314 0.00490787
1316 0.00490568
1318 0.00490404
1320 0.00490277
1322 0.00490175
1324 0.00490092
1326 0.00490024
1328 0.00489968
1330 0.0048992
1332 0.00489881
1334 0.00489847
1336 0.0048982
1338 0.00489796
1340 0.00489776
1342 0.00489759
1344 0.00489745
1346 0.00489733
1348 0.00489723
1350 0.00489715
Time taken by code: 102295 seconds
ion file read
lach reactanats 1
lac1n product 0
h1p product 4
pho1n reactanats 3
pho2n product 2
h1p product 4
reaction file read
reaction bio file read
inhibition file read1
lac1n 0 dt*D/dx**2= 0.0205429
lach 1 dt*D/dx**2= 0.0221111
pho2n 2 dt*D/dx**2= 0.0150543
pho1n 3 dt*D/dx**2= 0.0191316
h1p 4 dt*D/dx**2= 0.185043
ca2p 5 dt*D/dx**2= 0.0156816
cl1n 6 dt*D/dx**2= 0.0403017
k1p 7 dt*D/dx**2= 0.0390472
glu 8 dt*D/dx**2= 0.0133294
f1n 9 dt*D/dx**2= 0.0232088
tcp 10 dt*D/dx**2= 0.015299
2.52525e-06 9.83333e-07
Started simulation
0 0.07
2 116.898
4 367.57
6 301.339
8 209.516
10 139.121
12 89.4767
14 55.947
16 33.9225
18 19.7422
20 10.7312
22 5.06978
24 1.57273
26 0.065347
28 0.0158364
30 0.0100083
32 0.007423
34 0.00617187
36 0.00555199
38 0.00524097
40 0.00508319
42 0.00500206
44 0.00495954
46 0.00493662
48 0.00492378
50 0.0049162
52 0.00491144
54 0.00490826
56 0.004906
58 0.0049043
60 0.00490298
62 0.00490193
64 0.00490107
66 0.00490036
68 0.00489978
70 0.00489929
72 0.00489888
74 0.00489853
76 0.00489824
78 0.004898
80 0.00489779
82 0.00489762
84 0.00489748
86 0.00489735
88 0.00489725
90 0.00489716
92 143.982
94 371.806
96 303.566
98 210.833
100 139.904
102 89.9382
104 56.2017
106 34.0806
108 19.8218
110 10.7826
112 5.10422
114 1.58063
116 0.0677311
118 0.0158542
120 0.0100104
122 0.00742365
124 0.00617219
126 0.00555218
128 0.00524109
130 0.00508328
132 0.00500213
134 0.00495959
136 0.00493666
138 0.00492381
140 0.00491623
142 0.00491147
144 0.00490828
146 0.00490601
148 0.00490432
150 0.004903
152 0.00490194
154 0.00490108
156 0.00490037
158 0.00489978
160 0.00489929
162 0.00489888
164 0.00489854
166 0.00489825
168 0.004898
170 0.0048978
172 0.00489762
174 0.00489748
176 0.00489735
178 0.00489725
180 0.00489716
182 143.982
184 371.806
186 303.566
188 210.833
190 139.904
192 89.9382
194 56.2274
196 34.0794
198 19.833
200 10.7785
202 5.10782
204 1.59182
206 0.0660479
208 0.0158457
210 0.0100099
212 0.00742358
214 0.00617219
216 0.00555219
218 0.0052411
220 0.00508329
222 0.00500214
224 0.0049596
226 0.00493667
228 0.00492382
230 0.00491623
232 0.00491147
234 0.00490828
236 0.00490602
238 0.00490432
240 0.004903
242 0.00490194
ion file read
lach reactanats 1
lac1n product 0
h1p product 4
pho1n reactanats 3
pho2n product 2
h1p product 4
reaction file read
reaction bio file read
inhibition file read1
lac1n 0 dt*D/dx**2= 0.0205429
lach 1 dt*D/dx**2= 0.0221111
pho2n 2 dt*D/dx**2= 0.0150543
pho1n 3 dt*D/dx**2= 0.0191316
h1p 4 dt*D/dx**2= 0.185043
ca2p 5 dt*D/dx**2= 0.0156816
cl1n 6 dt*D/dx**2= 0.0403017
k1p 7 dt*D/dx**2= 0.0390472
glu 8 dt*D/dx**2= 0.0133294
f1n 9 dt*D/dx**2= 0.0232088
tcp 10 dt*D/dx**2= 0.015299
2.52525e-06 9.83333e-07
Started simulation
0 0.07
2 116.898
4 367.531
6 301.377
8 209.631
10 139.29
12 89.7
14 56.1608
16 34.1647
18 19.9993
20 11.002
22 5.34782
24 1.82613
26 0.0932864
28 0.0159325
30 0.0100953
32 0.00751127
34 0.00625887
36 0.00563911
38 0.00532945
40 0.0051736
42 0.00509455
44 0.00505403
46 0.00503294
48 0.00502172
50 0.00501557
52 0.00501205
54 0.00500994
56 0.00500859
58 0.00500768
60 0.00500703
62 0.00500092
64 0.00499358
66 0.00498841
68 0.00498449
70 0.00498135
72 0.00497874
74 0.00497653
76 0.00497466
78 0.00497306
80 0.00497171
82 0.00497059
84 0.00496965
86 0.00496888
88 0.00496826
90 0.00496777
92 144.06
94 371.852
96 303.68
98 211.016
100 140.119
102 90.1937
104 56.5016
106 34.3327
108 20.0817
110 11.0446
112 5.40005
114 1.85614
116 0.0960014
118 0.015965
120 0.0101074
122 0.00751885
124 0.00626437
126 0.00564347
128 0.00533309
130 0.00517675
132 0.00509733
134 0.00505651
136 0.00503518
138 0.00502374
140 0.00501731
142 0.00500647
144 0.00499805
146 0.00499221
148 0.00498778
150 0.0049842
152 0.00498118
154 0.00497859
156 0.00497635
158 0.00497442
160 0.00497276
162 0.00497135
164 0.00497017
166 0.00496919
168 0.00496838
170 0.00496773
172 0.00496722
174 0.00496682
176 0.00496652
178 0.0049663
180 0.00496616
182 144.057
184 371.848
186 303.678
188 211.017
190 140.119
192 90.1945
194 56.5009
196 34.3556
198 20.1086
200 11.0804
202 5.39141
204 1.89685
206 0.100077
208 0.0159805
210 0.0101099
212 0.00752018
214 0.0062653
216 0.00564419
218 0.00533369
220 0.00517728
222 0.00509782
224 0.00505699
226 0.00503564
228 0.00502388
230 0.00501015
232 0.00500066
234 0.00499427
236 0.00498955
238 0.0049858
240 0.00498268
242 0.00498001
244 0.00497771
246 0.00497572
248 0.00497401
250 0.00497255
252 0.00497132
254 0.0049703
256 0.00496945
258 0.00496877
260 0.00496822
262 0.00496779
264 0.00496746
266 0.00496722
268 0.00496704
270 0.00496693
272 144.059
274 371.851
276 303.682
278 211.023
280 140.121
282 90.1989
284 56.5039
286 34.3707
288 20.1303
290 11.0794
292 5.38815
294 1.89499
296 0.0997947
298 0.0159834
300 0.010111
302 0.00752069
304 0.00626558
306 0.00564438
308 0.00533386
310 0.00517745
312 0.00509801
314 0.00505721
316 0.00503591
318 0.0050201
320 0.00500707
322 0.00499882
324 0.00499313
326 0.00498883
328 0.00498538
330 0.00498249
332 0.00498002
334 0.00497789
336 0.00497605
338 0.00497448
340 0.00497314
342 0.00497201
344 0.00497108
346 0.0049703
348 0.00496967
350 0.00496917
352 0.00496877
354 0.00496846
356 0.00496822
358 0.00496804
360 0.00496791
362 144.061
364 371.853
366 303.687
368 211.029
370 140.124
372 90.2039
374 56.5074
376 34.3566
378 20.1316
380 11.08
382 5.38769
384 1.89453
386 0.0997295
388 0.0159844
390 0.0101108
392 0.00752029
394 0.00626519
396 0.00564404
398 0.00533357
400 0.00517724
402 0.00509788
404 0.00505718
406 0.00503597
408 0.00501908
410 0.00500656
412 0.00499865
414 0.00499317
416 0.00498903
418 0.00498571
420 0.00498293
422 0.00498056
424 0.00497851
426 0.00497675
428 0.00497524
430 0.00497395
432 0.00497286
434 0.00497195
436 0.00497119
438 0.00497056
440 0.00497004
442 0.0049696
444 0.00496924
446 0.00496893
448 0.00496865
450 0.00496848
452 144.063
454 371.856
456 303.693
458 211.034
460 140.126
462 90.2071
464 56.5092
466 34.3527
468 20.1317
470 11.0794
472 5.38608
474 1.89336
476 0.0995674
478 0.0159847
480 0.0101103
482 0.0075198
484 0.00626473
486 0.00564364
488 0.00533323
490 0.00517696
492 0.00509768
494 0.00505706
496 0.00503595
498 0.00501911
500 0.00500665
502 0.00499881
504 0.00499339
506 0.00498931
508 0.00498603
510 0.00498329
512 0.00498096
514 0.00497894
516 0.0049772
518 0.00497571
520 0.00497442
522 0.00497332
524 0.00497239
526 0.00497158
528 0.00497089
530 0.00497027
532 0.00497005
534 0.00496996
536 0.00496985
538 0.00496973
540 0.00496962
542 144.065
544 371.856
546 303.694
548 211.036
550 140.128
552 90.2085
554 56.51
556 34.3659
558 20.1311
560 11.0779
562 5.38252
564 1.89148
566 0.0992913
568 0.0159872
570 0.0101116
572 0.00752051
574 0.00626519
576 0.00564396
578 0.00533349
580 0.00517719
582 0.00509789
584 0.00505727
586 0.00503585
588 0.00501728
590 0.00500551
592 0.00499803
594 0.0049928
596 0.00498883
598 0.00498563
600 0.00498295
602 0.00498066
604 0.00497869
606 0.00497699
608 0.00497552
610 0.00497426
612 0.00497318
614 0.00497225
616 0.00497145
618 0.00497074
620 0.00497044
622 0.00497029
624 0.00497012
626 0.00496996
628 0.00496981
630 0.00496968
632 144.065
634 371.857
636 303.696
638 211.039
640 140.13
642 90.2111
644 56.5119
646 34.3613
648 20.1319
650 11.0782
652 5.38163
654 1.89091
656 0.0991836
658 0.0159898
660 0.0101127
662 0.00752112
664 0.00626557
666 0.00564423
668 0.0053337
670 0.00517736
672 0.00509806
674 0.00505744
676 0.00503473
678 0.00501605
680 0.00500473
682 0.00499748
684 0.00499237
686 0.00498848
688 0.00498533
690 0.00498269
692 0.00498043
694 0.00497849
696 0.00497681
698 0.00497537
700 0.00497412
702 0.00497305
704 0.00497213
706 0.00497132
708 0.00497083
710 0.00497061
712 0.0049704
714 0.0049702
716 0.00497001
718 0.00496985
720 0.00496971
722 144.064
724 371.857
726 303.697
728 211.041
730 140.131
732 90.2132
734 56.5135
736 34.359
738 20.1325
740 11.0783
742 5.38045
744 1.89023
746 0.0990697
748 0.0159921
750 0.0101137
752 0.00752165
754 0.0062659
756 0.00564446
758 0.00533387
760 0.00517751
762 0.00509819
764 0.00505757
766 0.00503355
768 0.00501517
770 0.00500417
772 0.00499707
774 0.00499205
776 0.0049882
778 0.00498509
780 0.00498248
782 0.00498025
784 0.00497832
786 0.00497666
788 0.00497523
790 0.004974
792 0.00497294
794 0.00497201
796 0.00497126
798 0.00497096
800 0.0049707
802 0.00497046
804 0.00497023
806 0.00497003
808 0.00496986
810 0.00496972
812 144.063
814 371.846
816 303.678
818 211.036
820 140.143
822 90.2252
824 56.4703
826 34.3383
828 20.0909
830 11.0873
832 5.39269
834 1.89585
836 0.0997215
838 0.0159966
840 0.0101148
842 0.0075222
844 0.00626624
846 0.0056447
848 0.00533406
850 0.00517767
852 0.00509834
854 0.00505771
856 0.00503221
858 0.00501429
860 0.00500359
862 0.00499664
864 0.0049917
866 0.00498791
868 0.00498484
870 0.00498225
872 0.00498005
874 0.00497815
876 0.00497651
878 0.00497509
880 0.00497387
882 0.00497281
884 0.00497188
886 0.00497136
888 0.00497105
890 0.00497076
892 0.00497049
894 0.00497025
896 0.00497005
898 0.00496987
900 0.00496973
902 144.063
904 371.859
906 303.7
908 211.045
910 140.135
912 90.217
914 56.5027
916 34.3534
918 20.134
920 11.0789
922 5.3791
924 1.88943
926 0.0989292
928 0.0159963
930 0.0101154
932 0.00752256
934 0.00626645
936 0.00564483
938 0.00533414
940 0.00517773
942 0.00509839
944 0.00505776
946 0.00503175
948 0.00501399
950 0.00500339
952 0.00499649
954 0.00499157
956 0.00498779
958 0.00498473
960 0.00498215
962 0.00497995
964 0.00497806
966 0.00497642
968 0.00497501
970 0.00497379
972 0.00497273
974 0.00497184
976 0.00497141
978 0.00497108
980 0.00497077
982 0.00497049
984 0.00497025
986 0.00497004
988 0.00496987
990 0.00496972
992 144.062
994 371.858
996 303.701
998 211.047
1000 140.137
1002 90.2192
1004 56.4906
1006 34.3491
1008 20.135
1010 11.0797
1012 5.37935
1014 1.88949
1016 0.0989177
1018 0.0159983
1020 0.0101162
1022 0.00752295
1024 0.00626668
1026 0.00564497
1028 0.00533424
1030 0.00517781
1032 0.00509846
1034 0.00505782
1036 0.00503114
1038 0.00501361
1040 0.00500312
1042 0.00499628
1044 0.0049914
1046 0.00498764
1048 0.00498459
1050 0.00498203
1052 0.00497984
1054 0.00497795
1056 0.00497633
1058 0.00497492
1060 0.00497371
1062 0.00497265
1064 0.00497185
1066 0.00497145
1068 0.0049711
1070 0.00497078
1072 0.00497049
1074 0.00497025
1076 0.00497004
1078 0.00496986
1080 0.00496972
1082 144.061
1084 371.858
1086 303.699
1088 211.048
1090 140.139
1092 90.2208
1094 56.4859
1096 34.3475
1098 20.1357
1100 11.0801
1102 5.37908
1104 1.88931
1106 0.0988829
1108 0.0160001
1110 0.0101169
1112 0.0075233
1114 0.00626688
1116 0.0056451
1118 0.00533433
1120 0.00517788
1122 0.00509852
1124 0.00505787
1126 0.00503064
1128 0.0050133
1130 0.00500291
1132 0.00499611
1134 0.00499125
1136 0.00498751
1138 0.00498447
1140 0.00498192
1142 0.00497974
1144 0.00497786
1146 0.00497624
1148 0.00497484
1150 0.00497363
1152 0.00497256
1154 0.00497188
1156 0.00497147
1158 0.00497111
1160 0.00497078
1162 0.00497049
1164 0.00497024
1166 0.00497003
1168 0.00496986
1170 0.00496971
1172 144.062
1174 371.858
1176 303.689
1178 211.05
1180 140.14
1182 90.2225
1184 56.4815
1186 34.3455
1188 20.1366
1190 11.0808
1192 5.37935
1194 1.8894
1196 0.0988812
1198 0.0160019
1200 0.0101175
1202 0.00752362
1204 0.00626706
1206 0.00564521
1208 0.00533441
1210 0.00517793
1212 0.00509856
1214 0.00505791
1216 0.00503025
1218 0.00501305
1220 0.00500273
1222 0.00499597
1224 0.00499113
1226 0.0049874
1228 0.00498437
1230 0.00498182
1232 0.00497965
1234 0.00497777
1236 0.00497616
1238 0.00497476
1240 0.00497355
1242 0.00497249
1244 0.00497189
1246 0.00497148
1248 0.0049711
1250 0.00497077
1252 0.00497048
1254 0.00497023
1256 0.00497002
1258 0.00496985
1260 0.0049697
1262 144.063
1264 371.858
1266 303.68
1268 211.045
1270 140.142
1272 90.2241
1274 56.4783
1276 34.3438
1278 20.1375
1280 11.0816
1282 5.37988
1284 1.88961
1286 0.0988962
1288 0.0160036
1290 0.0101181
1292 0.00752391
1294 0.00626723
1296 0.00564531
1298 0.00533447
1300 0.00517797
1302 0.00509859
1304 0.0050579
1306 0.00502995
1308 0.00501286
1310 0.00500259
1312 0.00499586
1314 0.00499103
1316 0.00498731
1318 0.00498428
1320 0.00498174
1322 0.00497957
1324 0.0049777
1326 0.00497609
1328 0.0049747
1330 0.00497349
1332 0.00497245
1334 0.0049719
1336 0.00497148
1338 0.0049711
1340 0.00497076
1342 0.00497047
1344 0.00497022
1346 0.00497001
1348 0.00496983
1350 0.00496969
Time taken by code: 79753.5 seconds
